{"/Users/lucasvanzyl/SD_FinalProject-1/src/contexts/AuthContext.tsx": {"path":"/Users/lucasvanzyl/SD_FinalProject-1/src/contexts/AuthContext.tsx","statementMap":{"0":{"start":{"line":27,"column":6},"end":{"line":27,"column":null}},"1":{"start":{"line":30,"column":22},"end":{"line":30,"column":null}},"2":{"start":{"line":31,"column":32},"end":{"line":31,"column":null}},"3":{"start":{"line":32,"column":40},"end":{"line":32,"column":null}},"4":{"start":{"line":33,"column":40},"end":{"line":33,"column":null}},"5":{"start":{"line":36,"column":2},"end":{"line":94,"column":null}},"6":{"start":{"line":37,"column":18},"end":{"line":37,"column":null}},"7":{"start":{"line":38,"column":17},"end":{"line":89,"column":null}},"8":{"start":{"line":40,"column":25},"end":{"line":40,"column":null}},"9":{"start":{"line":41,"column":6},"end":{"line":53,"column":null}},"10":{"start":{"line":42,"column":8},"end":{"line":52,"column":null}},"11":{"start":{"line":43,"column":29},"end":{"line":43,"column":null}},"12":{"start":{"line":44,"column":10},"end":{"line":44,"column":null}},"13":{"start":{"line":46,"column":10},"end":{"line":48,"column":null}},"14":{"start":{"line":47,"column":12},"end":{"line":47,"column":null}},"15":{"start":{"line":50,"column":10},"end":{"line":50,"column":null}},"16":{"start":{"line":51,"column":10},"end":{"line":51,"column":null}},"17":{"start":{"line":56,"column":6},"end":{"line":88,"column":null}},"18":{"start":{"line":57,"column":20},"end":{"line":57,"column":null}},"19":{"start":{"line":58,"column":8},"end":{"line":58,"column":null}},"20":{"start":{"line":58,"column":22},"end":{"line":58,"column":null}},"21":{"start":{"line":59,"column":8},"end":{"line":67,"column":null}},"22":{"start":{"line":61,"column":10},"end":{"line":61,"column":null}},"23":{"start":{"line":62,"column":10},"end":{"line":62,"column":null}},"24":{"start":{"line":65,"column":10},"end":{"line":65,"column":null}},"25":{"start":{"line":66,"column":10},"end":{"line":66,"column":null}},"26":{"start":{"line":69,"column":8},"end":{"line":77,"column":null}},"27":{"start":{"line":70,"column":10},"end":{"line":76,"column":null}},"28":{"start":{"line":71,"column":22},"end":{"line":71,"column":null}},"29":{"start":{"line":72,"column":12},"end":{"line":72,"column":null}},"30":{"start":{"line":72,"column":32},"end":{"line":72,"column":null}},"31":{"start":{"line":74,"column":12},"end":{"line":74,"column":null}},"32":{"start":{"line":75,"column":12},"end":{"line":75,"column":null}},"33":{"start":{"line":79,"column":8},"end":{"line":79,"column":null}},"34":{"start":{"line":82,"column":8},"end":{"line":85,"column":null}},"35":{"start":{"line":83,"column":10},"end":{"line":83,"column":null}},"36":{"start":{"line":84,"column":10},"end":{"line":84,"column":null}},"37":{"start":{"line":87,"column":8},"end":{"line":87,"column":null}},"38":{"start":{"line":87,"column":21},"end":{"line":87,"column":null}},"39":{"start":{"line":91,"column":4},"end":{"line":91,"column":null}},"40":{"start":{"line":93,"column":4},"end":{"line":93,"column":null}},"41":{"start":{"line":93,"column":19},"end":{"line":93,"column":36}},"42":{"start":{"line":97,"column":4},"end":{"line":104,"column":null}},"43":{"start":{"line":98,"column":6},"end":{"line":101,"column":null}},"44":{"start":{"line":100,"column":8},"end":{"line":100,"column":null}},"45":{"start":{"line":103,"column":6},"end":{"line":103,"column":null}},"46":{"start":{"line":103,"column":39},"end":{"line":103,"column":43}},"47":{"start":{"line":106,"column":29},"end":{"line":108,"column":null}},"48":{"start":{"line":107,"column":6},"end":{"line":107,"column":null}},"49":{"start":{"line":110,"column":30},"end":{"line":112,"column":null}},"50":{"start":{"line":111,"column":6},"end":{"line":111,"column":null}},"51":{"start":{"line":111,"column":31},"end":{"line":111,"column":56}},"52":{"start":{"line":114,"column":16},"end":{"line":142,"column":null}},"53":{"start":{"line":115,"column":4},"end":{"line":141,"column":null}},"54":{"start":{"line":116,"column":23},"end":{"line":116,"column":null}},"55":{"start":{"line":117,"column":6},"end":{"line":136,"column":null}},"56":{"start":{"line":118,"column":25},"end":{"line":123,"column":null}},"57":{"start":{"line":124,"column":8},"end":{"line":124,"column":null}},"58":{"start":{"line":125,"column":8},"end":{"line":125,"column":null}},"59":{"start":{"line":128,"column":8},"end":{"line":133,"column":null}},"60":{"start":{"line":129,"column":20},"end":{"line":129,"column":null}},"61":{"start":{"line":130,"column":10},"end":{"line":130,"column":null}},"62":{"start":{"line":130,"column":30},"end":{"line":130,"column":null}},"63":{"start":{"line":132,"column":10},"end":{"line":132,"column":null}},"64":{"start":{"line":135,"column":8},"end":{"line":135,"column":null}},"65":{"start":{"line":137,"column":6},"end":{"line":137,"column":null}},"66":{"start":{"line":139,"column":6},"end":{"line":139,"column":null}},"67":{"start":{"line":140,"column":6},"end":{"line":140,"column":null}},"68":{"start":{"line":144,"column":17},"end":{"line":170,"column":null}},"69":{"start":{"line":145,"column":4},"end":{"line":169,"column":null}},"70":{"start":{"line":146,"column":23},"end":{"line":146,"column":null}},"71":{"start":{"line":147,"column":6},"end":{"line":160,"column":null}},"72":{"start":{"line":148,"column":25},"end":{"line":153,"column":null}},"73":{"start":{"line":154,"column":8},"end":{"line":154,"column":null}},"74":{"start":{"line":155,"column":8},"end":{"line":155,"column":null}},"75":{"start":{"line":158,"column":8},"end":{"line":158,"column":null}},"76":{"start":{"line":159,"column":8},"end":{"line":159,"column":null}},"77":{"start":{"line":161,"column":6},"end":{"line":161,"column":null}},"78":{"start":{"line":163,"column":6},"end":{"line":163,"column":null}},"79":{"start":{"line":165,"column":6},"end":{"line":167,"column":null}},"80":{"start":{"line":166,"column":8},"end":{"line":166,"column":null}},"81":{"start":{"line":168,"column":6},"end":{"line":168,"column":null}},"82":{"start":{"line":172,"column":17},"end":{"line":185,"column":null}},"83":{"start":{"line":176,"column":4},"end":{"line":180,"column":null}},"84":{"start":{"line":177,"column":6},"end":{"line":177,"column":null}},"85":{"start":{"line":177,"column":32},"end":{"line":177,"column":72}},"86":{"start":{"line":182,"column":4},"end":{"line":182,"column":null}},"87":{"start":{"line":183,"column":4},"end":{"line":183,"column":null}},"88":{"start":{"line":184,"column":4},"end":{"line":184,"column":null}},"89":{"start":{"line":187,"column":23},"end":{"line":220,"column":null}},"90":{"start":{"line":188,"column":4},"end":{"line":188,"column":null}},"91":{"start":{"line":188,"column":15},"end":{"line":188,"column":null}},"92":{"start":{"line":190,"column":4},"end":{"line":219,"column":null}},"93":{"start":{"line":191,"column":6},"end":{"line":191,"column":null}},"94":{"start":{"line":193,"column":23},"end":{"line":193,"column":null}},"95":{"start":{"line":194,"column":6},"end":{"line":194,"column":null}},"96":{"start":{"line":196,"column":6},"end":{"line":212,"column":null}},"97":{"start":{"line":197,"column":28},"end":{"line":202,"column":null}},"98":{"start":{"line":203,"column":8},"end":{"line":203,"column":null}},"99":{"start":{"line":204,"column":8},"end":{"line":204,"column":null}},"100":{"start":{"line":205,"column":8},"end":{"line":205,"column":null}},"101":{"start":{"line":207,"column":8},"end":{"line":207,"column":null}},"102":{"start":{"line":209,"column":28},"end":{"line":209,"column":null}},"103":{"start":{"line":210,"column":8},"end":{"line":210,"column":null}},"104":{"start":{"line":211,"column":8},"end":{"line":211,"column":null}},"105":{"start":{"line":214,"column":6},"end":{"line":214,"column":null}},"106":{"start":{"line":216,"column":26},"end":{"line":216,"column":null}},"107":{"start":{"line":217,"column":6},"end":{"line":217,"column":null}},"108":{"start":{"line":218,"column":6},"end":{"line":218,"column":null}},"109":{"start":{"line":222,"column":21},"end":{"line":239,"column":null}},"110":{"start":{"line":223,"column":4},"end":{"line":223,"column":null}},"111":{"start":{"line":223,"column":15},"end":{"line":223,"column":null}},"112":{"start":{"line":225,"column":4},"end":{"line":232,"column":null}},"113":{"start":{"line":226,"column":18},"end":{"line":226,"column":null}},"114":{"start":{"line":227,"column":6},"end":{"line":229,"column":null}},"115":{"start":{"line":228,"column":8},"end":{"line":228,"column":null}},"116":{"start":{"line":228,"column":33},"end":{"line":228,"column":71}},"117":{"start":{"line":231,"column":6},"end":{"line":231,"column":null}},"118":{"start":{"line":234,"column":4},"end":{"line":238,"column":null}},"119":{"start":{"line":235,"column":6},"end":{"line":235,"column":null}},"120":{"start":{"line":241,"column":23},"end":{"line":258,"column":null}},"121":{"start":{"line":242,"column":4},"end":{"line":242,"column":null}},"122":{"start":{"line":242,"column":15},"end":{"line":242,"column":null}},"123":{"start":{"line":244,"column":4},"end":{"line":251,"column":null}},"124":{"start":{"line":245,"column":18},"end":{"line":245,"column":null}},"125":{"start":{"line":246,"column":6},"end":{"line":248,"column":null}},"126":{"start":{"line":247,"column":8},"end":{"line":247,"column":null}},"127":{"start":{"line":247,"column":33},"end":{"line":247,"column":65}},"128":{"start":{"line":247,"column":51},"end":{"line":247,"column":64}},"129":{"start":{"line":250,"column":6},"end":{"line":250,"column":null}},"130":{"start":{"line":253,"column":4},"end":{"line":257,"column":null}},"131":{"start":{"line":254,"column":6},"end":{"line":254,"column":null}},"132":{"start":{"line":260,"column":27},"end":{"line":262,"column":null}},"133":{"start":{"line":261,"column":4},"end":{"line":261,"column":null}},"134":{"start":{"line":264,"column":2},"end":{"line":280,"column":null}},"135":{"start":{"line":285,"column":8},"end":{"line":285,"column":null}},"136":{"start":{"line":286,"column":2},"end":{"line":288,"column":null}},"137":{"start":{"line":287,"column":4},"end":{"line":287,"column":null}},"138":{"start":{"line":289,"column":2},"end":{"line":289,"column":null}}},"fnMap":{"0":{"name":"AuthProvider","decl":{"start":{"line":29,"column":16},"end":{"line":29,"column":29}},"loc":{"start":{"line":29,"column":68},"end":{"line":282,"column":null}},"line":29},"1":{"name":"(anonymous_1)","decl":{"start":{"line":36,"column":12},"end":{"line":36,"column":18}},"loc":{"start":{"line":36,"column":18},"end":{"line":94,"column":5}},"line":36},"2":{"name":"(anonymous_2)","decl":{"start":{"line":38,"column":17},"end":{"line":38,"column":29}},"loc":{"start":{"line":38,"column":29},"end":{"line":89,"column":null}},"line":38},"3":{"name":"(anonymous_3)","decl":{"start":{"line":46,"column":36},"end":{"line":46,"column":42}},"loc":{"start":{"line":46,"column":42},"end":{"line":48,"column":11}},"line":46},"4":{"name":"(anonymous_4)","decl":{"start":{"line":93,"column":11},"end":{"line":93,"column":17}},"loc":{"start":{"line":93,"column":17},"end":{"line":93,"column":null}},"line":93},"5":{"name":"(anonymous_5)","decl":{"start":{"line":97,"column":14},"end":{"line":97,"column":20}},"loc":{"start":{"line":97,"column":20},"end":{"line":104,"column":7}},"line":97},"6":{"name":"(anonymous_6)","decl":{"start":{"line":98,"column":32},"end":{"line":98,"column":38}},"loc":{"start":{"line":98,"column":38},"end":{"line":101,"column":7}},"line":98},"7":{"name":"(anonymous_7)","decl":{"start":{"line":103,"column":33},"end":{"line":103,"column":39}},"loc":{"start":{"line":103,"column":39},"end":{"line":103,"column":43}},"line":103},"8":{"name":"(anonymous_8)","decl":{"start":{"line":106,"column":29},"end":{"line":106,"column":30}},"loc":{"start":{"line":106,"column":49},"end":{"line":108,"column":null}},"line":106},"9":{"name":"(anonymous_9)","decl":{"start":{"line":110,"column":30},"end":{"line":110,"column":31}},"loc":{"start":{"line":110,"column":50},"end":{"line":112,"column":null}},"line":110},"10":{"name":"(anonymous_10)","decl":{"start":{"line":111,"column":23},"end":{"line":111,"column":31}},"loc":{"start":{"line":111,"column":31},"end":{"line":111,"column":56}},"line":111},"11":{"name":"(anonymous_11)","decl":{"start":{"line":114,"column":16},"end":{"line":114,"column":23}},"loc":{"start":{"line":114,"column":77},"end":{"line":142,"column":null}},"line":114},"12":{"name":"(anonymous_12)","decl":{"start":{"line":144,"column":17},"end":{"line":144,"column":24}},"loc":{"start":{"line":144,"column":96},"end":{"line":170,"column":null}},"line":144},"13":{"name":"(anonymous_13)","decl":{"start":{"line":172,"column":17},"end":{"line":172,"column":23}},"loc":{"start":{"line":172,"column":23},"end":{"line":185,"column":null}},"line":172},"14":{"name":"(anonymous_14)","decl":{"start":{"line":177,"column":25},"end":{"line":177,"column":26}},"loc":{"start":{"line":177,"column":32},"end":{"line":177,"column":72}},"line":177},"15":{"name":"(anonymous_15)","decl":{"start":{"line":187,"column":23},"end":{"line":187,"column":30}},"loc":{"start":{"line":187,"column":49},"end":{"line":220,"column":null}},"line":187},"16":{"name":"(anonymous_16)","decl":{"start":{"line":222,"column":21},"end":{"line":222,"column":28}},"loc":{"start":{"line":222,"column":47},"end":{"line":239,"column":null}},"line":222},"17":{"name":"(anonymous_17)","decl":{"start":{"line":228,"column":25},"end":{"line":228,"column":33}},"loc":{"start":{"line":228,"column":33},"end":{"line":228,"column":71}},"line":228},"18":{"name":"(anonymous_18)","decl":{"start":{"line":241,"column":23},"end":{"line":241,"column":30}},"loc":{"start":{"line":241,"column":49},"end":{"line":258,"column":null}},"line":241},"19":{"name":"(anonymous_19)","decl":{"start":{"line":247,"column":25},"end":{"line":247,"column":33}},"loc":{"start":{"line":247,"column":33},"end":{"line":247,"column":65}},"line":247},"20":{"name":"(anonymous_20)","decl":{"start":{"line":247,"column":45},"end":{"line":247,"column":51}},"loc":{"start":{"line":247,"column":51},"end":{"line":247,"column":64}},"line":247},"21":{"name":"(anonymous_21)","decl":{"start":{"line":260,"column":27},"end":{"line":260,"column":43}},"loc":{"start":{"line":260,"column":43},"end":{"line":262,"column":null}},"line":260},"22":{"name":"useAuth","decl":{"start":{"line":284,"column":16},"end":{"line":284,"column":26}},"loc":{"start":{"line":284,"column":26},"end":{"line":290,"column":null}},"line":284}},"branchMap":{"0":{"loc":{"start":{"line":41,"column":6},"end":{"line":53,"column":null}},"type":"if","locations":[{"start":{"line":41,"column":6},"end":{"line":53,"column":null}},{"start":{},"end":{}}],"line":41},"1":{"loc":{"start":{"line":47,"column":25},"end":{"line":47,"column":92}},"type":"cond-expr","locations":[{"start":{"line":47,"column":55},"end":{"line":47,"column":88}},{"start":{"line":47,"column":88},"end":{"line":47,"column":92}}],"line":47},"2":{"loc":{"start":{"line":47,"column":25},"end":{"line":47,"column":55}},"type":"binary-expr","locations":[{"start":{"line":47,"column":25},"end":{"line":47,"column":39}},{"start":{"line":47,"column":39},"end":{"line":47,"column":55}}],"line":47},"3":{"loc":{"start":{"line":58,"column":8},"end":{"line":58,"column":null}},"type":"if","locations":[{"start":{"line":58,"column":8},"end":{"line":58,"column":null}},{"start":{},"end":{}}],"line":58},"4":{"loc":{"start":{"line":59,"column":8},"end":{"line":67,"column":null}},"type":"if","locations":[{"start":{"line":59,"column":8},"end":{"line":67,"column":null}},{"start":{"line":63,"column":15},"end":{"line":67,"column":null}}],"line":59},"5":{"loc":{"start":{"line":59,"column":12},"end":{"line":59,"column":44}},"type":"binary-expr","locations":[{"start":{"line":59,"column":12},"end":{"line":59,"column":19}},{"start":{"line":59,"column":19},"end":{"line":59,"column":34}},{"start":{"line":59,"column":34},"end":{"line":59,"column":44}}],"line":59},"6":{"loc":{"start":{"line":69,"column":8},"end":{"line":77,"column":null}},"type":"if","locations":[{"start":{"line":69,"column":8},"end":{"line":77,"column":null}},{"start":{},"end":{}}],"line":69},"7":{"loc":{"start":{"line":69,"column":12},"end":{"line":69,"column":44}},"type":"binary-expr","locations":[{"start":{"line":69,"column":12},"end":{"line":69,"column":19}},{"start":{"line":69,"column":19},"end":{"line":69,"column":34}},{"start":{"line":69,"column":34},"end":{"line":69,"column":44}}],"line":69},"8":{"loc":{"start":{"line":72,"column":12},"end":{"line":72,"column":null}},"type":"if","locations":[{"start":{"line":72,"column":12},"end":{"line":72,"column":null}},{"start":{},"end":{}}],"line":72},"9":{"loc":{"start":{"line":72,"column":16},"end":{"line":72,"column":32}},"type":"binary-expr","locations":[{"start":{"line":72,"column":16},"end":{"line":72,"column":21}},{"start":{"line":72,"column":21},"end":{"line":72,"column":32}}],"line":72},"10":{"loc":{"start":{"line":72,"column":49},"end":{"line":72,"column":66}},"type":"binary-expr","locations":[{"start":{"line":72,"column":49},"end":{"line":72,"column":64}},{"start":{"line":72,"column":64},"end":{"line":72,"column":66}}],"line":72},"11":{"loc":{"start":{"line":82,"column":8},"end":{"line":85,"column":null}},"type":"if","locations":[{"start":{"line":82,"column":8},"end":{"line":85,"column":null}},{"start":{},"end":{}}],"line":82},"12":{"loc":{"start":{"line":87,"column":8},"end":{"line":87,"column":null}},"type":"if","locations":[{"start":{"line":87,"column":8},"end":{"line":87,"column":null}},{"start":{},"end":{}}],"line":87},"13":{"loc":{"start":{"line":100,"column":21},"end":{"line":100,"column":70}},"type":"cond-expr","locations":[{"start":{"line":100,"column":39},"end":{"line":100,"column":66}},{"start":{"line":100,"column":66},"end":{"line":100,"column":70}}],"line":100},"14":{"loc":{"start":{"line":100,"column":21},"end":{"line":100,"column":39}},"type":"binary-expr","locations":[{"start":{"line":100,"column":21},"end":{"line":100,"column":29}},{"start":{"line":100,"column":29},"end":{"line":100,"column":39}}],"line":100},"15":{"loc":{"start":{"line":117,"column":6},"end":{"line":136,"column":null}},"type":"if","locations":[{"start":{"line":117,"column":6},"end":{"line":136,"column":null}},{"start":{},"end":{}}],"line":117},"16":{"loc":{"start":{"line":117,"column":10},"end":{"line":117,"column":45}},"type":"binary-expr","locations":[{"start":{"line":117,"column":10},"end":{"line":117,"column":30}},{"start":{"line":117,"column":30},"end":{"line":117,"column":45}}],"line":117},"17":{"loc":{"start":{"line":122,"column":18},"end":{"line":122,"column":null}},"type":"binary-expr","locations":[{"start":{"line":122,"column":18},"end":{"line":122,"column":42}},{"start":{"line":122,"column":42},"end":{"line":122,"column":null}}],"line":122},"18":{"loc":{"start":{"line":130,"column":10},"end":{"line":130,"column":null}},"type":"if","locations":[{"start":{"line":130,"column":10},"end":{"line":130,"column":null}},{"start":{},"end":{}}],"line":130},"19":{"loc":{"start":{"line":130,"column":14},"end":{"line":130,"column":30}},"type":"binary-expr","locations":[{"start":{"line":130,"column":14},"end":{"line":130,"column":19}},{"start":{"line":130,"column":19},"end":{"line":130,"column":30}}],"line":130},"20":{"loc":{"start":{"line":130,"column":47},"end":{"line":130,"column":64}},"type":"binary-expr","locations":[{"start":{"line":130,"column":47},"end":{"line":130,"column":62}},{"start":{"line":130,"column":62},"end":{"line":130,"column":64}}],"line":130},"21":{"loc":{"start":{"line":147,"column":6},"end":{"line":160,"column":null}},"type":"if","locations":[{"start":{"line":147,"column":6},"end":{"line":160,"column":null}},{"start":{},"end":{}}],"line":147},"22":{"loc":{"start":{"line":147,"column":10},"end":{"line":147,"column":45}},"type":"binary-expr","locations":[{"start":{"line":147,"column":10},"end":{"line":147,"column":30}},{"start":{"line":147,"column":30},"end":{"line":147,"column":45}}],"line":147},"23":{"loc":{"start":{"line":152,"column":18},"end":{"line":152,"column":null}},"type":"binary-expr","locations":[{"start":{"line":152,"column":18},"end":{"line":152,"column":42}},{"start":{"line":152,"column":42},"end":{"line":152,"column":null}}],"line":152},"24":{"loc":{"start":{"line":165,"column":6},"end":{"line":167,"column":null}},"type":"if","locations":[{"start":{"line":165,"column":6},"end":{"line":167,"column":null}},{"start":{},"end":{}}],"line":165},"25":{"loc":{"start":{"line":188,"column":4},"end":{"line":188,"column":null}},"type":"if","locations":[{"start":{"line":188,"column":4},"end":{"line":188,"column":null}},{"start":{},"end":{}}],"line":188},"26":{"loc":{"start":{"line":196,"column":6},"end":{"line":212,"column":null}},"type":"if","locations":[{"start":{"line":196,"column":6},"end":{"line":212,"column":null}},{"start":{"line":206,"column":13},"end":{"line":212,"column":null}}],"line":196},"27":{"loc":{"start":{"line":196,"column":10},"end":{"line":196,"column":57}},"type":"binary-expr","locations":[{"start":{"line":196,"column":10},"end":{"line":196,"column":22}},{"start":{"line":196,"column":22},"end":{"line":196,"column":42}},{"start":{"line":196,"column":42},"end":{"line":196,"column":57}}],"line":196},"28":{"loc":{"start":{"line":201,"column":18},"end":{"line":201,"column":null}},"type":"binary-expr","locations":[{"start":{"line":201,"column":18},"end":{"line":201,"column":42}},{"start":{"line":201,"column":42},"end":{"line":201,"column":null}}],"line":201},"29":{"loc":{"start":{"line":203,"column":64},"end":{"line":203,"column":103}},"type":"cond-expr","locations":[{"start":{"line":203,"column":85},"end":{"line":203,"column":97}},{"start":{"line":203,"column":97},"end":{"line":203,"column":103}}],"line":203},"30":{"loc":{"start":{"line":223,"column":4},"end":{"line":223,"column":null}},"type":"if","locations":[{"start":{"line":223,"column":4},"end":{"line":223,"column":null}},{"start":{},"end":{}}],"line":223},"31":{"loc":{"start":{"line":227,"column":6},"end":{"line":229,"column":null}},"type":"if","locations":[{"start":{"line":227,"column":6},"end":{"line":229,"column":null}},{"start":{},"end":{}}],"line":227},"32":{"loc":{"start":{"line":227,"column":10},"end":{"line":227,"column":30}},"type":"binary-expr","locations":[{"start":{"line":227,"column":10},"end":{"line":227,"column":17}},{"start":{"line":227,"column":17},"end":{"line":227,"column":30}}],"line":227},"33":{"loc":{"start":{"line":242,"column":4},"end":{"line":242,"column":null}},"type":"if","locations":[{"start":{"line":242,"column":4},"end":{"line":242,"column":null}},{"start":{},"end":{}}],"line":242},"34":{"loc":{"start":{"line":246,"column":6},"end":{"line":248,"column":null}},"type":"if","locations":[{"start":{"line":246,"column":6},"end":{"line":248,"column":null}},{"start":{},"end":{}}],"line":246},"35":{"loc":{"start":{"line":246,"column":10},"end":{"line":246,"column":30}},"type":"binary-expr","locations":[{"start":{"line":246,"column":10},"end":{"line":246,"column":17}},{"start":{"line":246,"column":17},"end":{"line":246,"column":30}}],"line":246},"36":{"loc":{"start":{"line":261,"column":11},"end":{"line":261,"column":null}},"type":"binary-expr","locations":[{"start":{"line":261,"column":11},"end":{"line":261,"column":28}},{"start":{"line":261,"column":28},"end":{"line":261,"column":null}}],"line":261},"37":{"loc":{"start":{"line":286,"column":2},"end":{"line":288,"column":null}},"type":"if","locations":[{"start":{"line":286,"column":2},"end":{"line":288,"column":null}},{"start":{},"end":{}}],"line":286}},"s":{"0":2,"1":28,"2":28,"3":28,"4":28,"5":28,"6":16,"7":16,"8":16,"9":16,"10":2,"11":2,"12":2,"13":2,"14":0,"15":0,"16":0,"17":16,"18":16,"19":16,"20":0,"21":16,"22":0,"23":0,"24":16,"25":16,"26":16,"27":0,"28":0,"29":0,"30":0,"31":0,"32":0,"33":0,"34":0,"35":0,"36":0,"37":16,"38":16,"39":16,"40":16,"41":16,"42":28,"43":20,"44":0,"45":20,"46":0,"47":28,"48":0,"49":28,"50":0,"51":0,"52":28,"53":2,"54":2,"55":2,"56":1,"57":1,"58":1,"59":1,"60":1,"61":1,"62":1,"63":0,"64":1,"65":1,"66":0,"67":0,"68":28,"69":2,"70":2,"71":2,"72":1,"73":1,"74":1,"75":1,"76":1,"77":1,"78":0,"79":0,"80":0,"81":0,"82":28,"83":0,"84":0,"85":0,"86":0,"87":0,"88":0,"89":28,"90":0,"91":0,"92":0,"93":0,"94":0,"95":0,"96":0,"97":0,"98":0,"99":0,"100":0,"101":0,"102":0,"103":0,"104":0,"105":0,"106":0,"107":0,"108":0,"109":28,"110":0,"111":0,"112":0,"113":0,"114":0,"115":0,"116":0,"117":0,"118":0,"119":0,"120":28,"121":0,"122":0,"123":0,"124":0,"125":0,"126":0,"127":0,"128":0,"129":0,"130":0,"131":0,"132":28,"133":0,"134":28,"135":347,"136":347,"137":0,"138":347},"f":{"0":28,"1":16,"2":16,"3":0,"4":16,"5":20,"6":0,"7":0,"8":0,"9":0,"10":0,"11":2,"12":2,"13":0,"14":0,"15":0,"16":0,"17":0,"18":0,"19":0,"20":0,"21":0,"22":347},"b":{"0":[2,14],"1":[0,0],"2":[0,0],"3":[0,16],"4":[0,16],"5":[16,16,0],"6":[0,16],"7":[16,16,0],"8":[0,0],"9":[0,0],"10":[0,0],"11":[0,0],"12":[16,0],"13":[0,0],"14":[0,0],"15":[1,1],"16":[2,1],"17":[1,1],"18":[1,0],"19":[1,1],"20":[1,0],"21":[1,1],"22":[2,1],"23":[1,1],"24":[0,0],"25":[0,0],"26":[0,0],"27":[0,0,0],"28":[0,0],"29":[0,0],"30":[0,0],"31":[0,0],"32":[0,0],"33":[0,0],"34":[0,0],"35":[0,0],"36":[0,0],"37":[0,347]},"meta":{"lastBranch":38,"lastFunction":23,"lastStatement":139,"seen":{"s:27:6:27:Infinity":0,"f:29:16:29:29":0,"s:30:22:30:Infinity":1,"s:31:32:31:Infinity":2,"s:32:40:32:Infinity":3,"s:33:40:33:Infinity":4,"s:36:2:94:Infinity":5,"f:36:12:36:18":1,"s:37:18:37:Infinity":6,"s:38:17:89:Infinity":7,"f:38:17:38:29":2,"s:40:25:40:Infinity":8,"b:41:6:53:Infinity:undefined:undefined:undefined:undefined":0,"s:41:6:53:Infinity":9,"s:42:8:52:Infinity":10,"s:43:29:43:Infinity":11,"s:44:10:44:Infinity":12,"s:46:10:48:Infinity":13,"f:46:36:46:42":3,"s:47:12:47:Infinity":14,"b:47:55:47:88:47:88:47:92":1,"b:47:25:47:39:47:39:47:55":2,"s:50:10:50:Infinity":15,"s:51:10:51:Infinity":16,"s:56:6:88:Infinity":17,"s:57:20:57:Infinity":18,"b:58:8:58:Infinity:undefined:undefined:undefined:undefined":3,"s:58:8:58:Infinity":19,"s:58:22:58:Infinity":20,"b:59:8:67:Infinity:63:15:67:Infinity":4,"s:59:8:67:Infinity":21,"b:59:12:59:19:59:19:59:34:59:34:59:44":5,"s:61:10:61:Infinity":22,"s:62:10:62:Infinity":23,"s:65:10:65:Infinity":24,"s:66:10:66:Infinity":25,"b:69:8:77:Infinity:undefined:undefined:undefined:undefined":6,"s:69:8:77:Infinity":26,"b:69:12:69:19:69:19:69:34:69:34:69:44":7,"s:70:10:76:Infinity":27,"s:71:22:71:Infinity":28,"b:72:12:72:Infinity:undefined:undefined:undefined:undefined":8,"s:72:12:72:Infinity":29,"b:72:16:72:21:72:21:72:32":9,"s:72:32:72:Infinity":30,"b:72:49:72:64:72:64:72:66":10,"s:74:12:74:Infinity":31,"s:75:12:75:Infinity":32,"s:79:8:79:Infinity":33,"b:82:8:85:Infinity:undefined:undefined:undefined:undefined":11,"s:82:8:85:Infinity":34,"s:83:10:83:Infinity":35,"s:84:10:84:Infinity":36,"b:87:8:87:Infinity:undefined:undefined:undefined:undefined":12,"s:87:8:87:Infinity":37,"s:87:21:87:Infinity":38,"s:91:4:91:Infinity":39,"s:93:4:93:Infinity":40,"f:93:11:93:17":4,"s:93:19:93:36":41,"s:97:4:104:Infinity":42,"f:97:14:97:20":5,"s:98:6:101:Infinity":43,"f:98:32:98:38":6,"s:100:8:100:Infinity":44,"b:100:39:100:66:100:66:100:70":13,"b:100:21:100:29:100:29:100:39":14,"s:103:6:103:Infinity":45,"f:103:33:103:39":7,"s:103:39:103:43":46,"s:106:29:108:Infinity":47,"f:106:29:106:30":8,"s:107:6:107:Infinity":48,"s:110:30:112:Infinity":49,"f:110:30:110:31":9,"s:111:6:111:Infinity":50,"f:111:23:111:31":10,"s:111:31:111:56":51,"s:114:16:142:Infinity":52,"f:114:16:114:23":11,"s:115:4:141:Infinity":53,"s:116:23:116:Infinity":54,"b:117:6:136:Infinity:undefined:undefined:undefined:undefined":15,"s:117:6:136:Infinity":55,"b:117:10:117:30:117:30:117:45":16,"s:118:25:123:Infinity":56,"b:122:18:122:42:122:42:122:Infinity":17,"s:124:8:124:Infinity":57,"s:125:8:125:Infinity":58,"s:128:8:133:Infinity":59,"s:129:20:129:Infinity":60,"b:130:10:130:Infinity:undefined:undefined:undefined:undefined":18,"s:130:10:130:Infinity":61,"b:130:14:130:19:130:19:130:30":19,"s:130:30:130:Infinity":62,"b:130:47:130:62:130:62:130:64":20,"s:132:10:132:Infinity":63,"s:135:8:135:Infinity":64,"s:137:6:137:Infinity":65,"s:139:6:139:Infinity":66,"s:140:6:140:Infinity":67,"s:144:17:170:Infinity":68,"f:144:17:144:24":12,"s:145:4:169:Infinity":69,"s:146:23:146:Infinity":70,"b:147:6:160:Infinity:undefined:undefined:undefined:undefined":21,"s:147:6:160:Infinity":71,"b:147:10:147:30:147:30:147:45":22,"s:148:25:153:Infinity":72,"b:152:18:152:42:152:42:152:Infinity":23,"s:154:8:154:Infinity":73,"s:155:8:155:Infinity":74,"s:158:8:158:Infinity":75,"s:159:8:159:Infinity":76,"s:161:6:161:Infinity":77,"s:163:6:163:Infinity":78,"b:165:6:167:Infinity:undefined:undefined:undefined:undefined":24,"s:165:6:167:Infinity":79,"s:166:8:166:Infinity":80,"s:168:6:168:Infinity":81,"s:172:17:185:Infinity":82,"f:172:17:172:23":13,"s:176:4:180:Infinity":83,"s:177:6:177:Infinity":84,"f:177:25:177:26":14,"s:177:32:177:72":85,"s:182:4:182:Infinity":86,"s:183:4:183:Infinity":87,"s:184:4:184:Infinity":88,"s:187:23:220:Infinity":89,"f:187:23:187:30":15,"b:188:4:188:Infinity:undefined:undefined:undefined:undefined":25,"s:188:4:188:Infinity":90,"s:188:15:188:Infinity":91,"s:190:4:219:Infinity":92,"s:191:6:191:Infinity":93,"s:193:23:193:Infinity":94,"s:194:6:194:Infinity":95,"b:196:6:212:Infinity:206:13:212:Infinity":26,"s:196:6:212:Infinity":96,"b:196:10:196:22:196:22:196:42:196:42:196:57":27,"s:197:28:202:Infinity":97,"b:201:18:201:42:201:42:201:Infinity":28,"s:203:8:203:Infinity":98,"b:203:85:203:97:203:97:203:103":29,"s:204:8:204:Infinity":99,"s:205:8:205:Infinity":100,"s:207:8:207:Infinity":101,"s:209:28:209:Infinity":102,"s:210:8:210:Infinity":103,"s:211:8:211:Infinity":104,"s:214:6:214:Infinity":105,"s:216:26:216:Infinity":106,"s:217:6:217:Infinity":107,"s:218:6:218:Infinity":108,"s:222:21:239:Infinity":109,"f:222:21:222:28":16,"b:223:4:223:Infinity:undefined:undefined:undefined:undefined":30,"s:223:4:223:Infinity":110,"s:223:15:223:Infinity":111,"s:225:4:232:Infinity":112,"s:226:18:226:Infinity":113,"b:227:6:229:Infinity:undefined:undefined:undefined:undefined":31,"s:227:6:229:Infinity":114,"b:227:10:227:17:227:17:227:30":32,"s:228:8:228:Infinity":115,"f:228:25:228:33":17,"s:228:33:228:71":116,"s:231:6:231:Infinity":117,"s:234:4:238:Infinity":118,"s:235:6:235:Infinity":119,"s:241:23:258:Infinity":120,"f:241:23:241:30":18,"b:242:4:242:Infinity:undefined:undefined:undefined:undefined":33,"s:242:4:242:Infinity":121,"s:242:15:242:Infinity":122,"s:244:4:251:Infinity":123,"s:245:18:245:Infinity":124,"b:246:6:248:Infinity:undefined:undefined:undefined:undefined":34,"s:246:6:248:Infinity":125,"b:246:10:246:17:246:17:246:30":35,"s:247:8:247:Infinity":126,"f:247:25:247:33":19,"s:247:33:247:65":127,"f:247:45:247:51":20,"s:247:51:247:64":128,"s:250:6:250:Infinity":129,"s:253:4:257:Infinity":130,"s:254:6:254:Infinity":131,"s:260:27:262:Infinity":132,"f:260:27:260:43":21,"s:261:4:261:Infinity":133,"b:261:11:261:28:261:28:261:Infinity":36,"s:264:2:280:Infinity":134,"f:284:16:284:26":22,"s:285:8:285:Infinity":135,"b:286:2:288:Infinity:undefined:undefined:undefined:undefined":37,"s:286:2:288:Infinity":136,"s:287:4:287:Infinity":137,"s:289:2:289:Infinity":138}}}
,"/Users/lucasvanzyl/SD_FinalProject-1/src/pages/Login.css": {"path":"/Users/lucasvanzyl/SD_FinalProject-1/src/pages/Login.css","statementMap":{},"fnMap":{},"branchMap":{},"s":{},"f":{},"b":{},"meta":{"lastBranch":0,"lastFunction":0,"lastStatement":0,"seen":{}}}
,"/Users/lucasvanzyl/SD_FinalProject-1/src/pages/Login.tsx": {"path":"/Users/lucasvanzyl/SD_FinalProject-1/src/pages/Login.tsx","statementMap":{"0":{"start":{"line":7,"column":24},"end":{"line":7,"column":null}},"1":{"start":{"line":8,"column":30},"end":{"line":8,"column":null}},"2":{"start":{"line":9,"column":24},"end":{"line":9,"column":null}},"3":{"start":{"line":10,"column":16},"end":{"line":10,"column":null}},"4":{"start":{"line":11,"column":8},"end":{"line":11,"column":null}},"5":{"start":{"line":13,"column":23},"end":{"line":23,"column":null}},"6":{"start":{"line":14,"column":4},"end":{"line":14,"column":null}},"7":{"start":{"line":15,"column":4},"end":{"line":15,"column":null}},"8":{"start":{"line":17,"column":20},"end":{"line":17,"column":null}},"9":{"start":{"line":18,"column":4},"end":{"line":22,"column":null}},"10":{"start":{"line":19,"column":6},"end":{"line":19,"column":null}},"11":{"start":{"line":21,"column":6},"end":{"line":21,"column":null}},"12":{"start":{"line":25,"column":2},"end":{"line":61,"column":null}},"13":{"start":{"line":37,"column":31},"end":{"line":37,"column":null}},"14":{"start":{"line":48,"column":31},"end":{"line":48,"column":null}}},"fnMap":{"0":{"name":"Login","decl":{"start":{"line":6,"column":24},"end":{"line":6,"column":32}},"loc":{"start":{"line":6,"column":32},"end":{"line":63,"column":null}},"line":6},"1":{"name":"(anonymous_1)","decl":{"start":{"line":13,"column":23},"end":{"line":13,"column":30}},"loc":{"start":{"line":13,"column":53},"end":{"line":23,"column":null}},"line":13},"2":{"name":"(anonymous_2)","decl":{"start":{"line":37,"column":24},"end":{"line":37,"column":25}},"loc":{"start":{"line":37,"column":31},"end":{"line":37,"column":null}},"line":37},"3":{"name":"(anonymous_3)","decl":{"start":{"line":48,"column":24},"end":{"line":48,"column":25}},"loc":{"start":{"line":48,"column":31},"end":{"line":48,"column":null}},"line":48}},"branchMap":{"0":{"loc":{"start":{"line":18,"column":4},"end":{"line":22,"column":null}},"type":"if","locations":[{"start":{"line":18,"column":4},"end":{"line":22,"column":null}},{"start":{"line":20,"column":11},"end":{"line":22,"column":null}}],"line":18},"1":{"loc":{"start":{"line":30,"column":11},"end":{"line":30,"column":null}},"type":"binary-expr","locations":[{"start":{"line":30,"column":11},"end":{"line":30,"column":20}},{"start":{"line":30,"column":20},"end":{"line":30,"column":null}}],"line":30}},"s":{"0":98,"1":98,"2":98,"3":98,"4":98,"5":98,"6":2,"7":2,"8":2,"9":2,"10":1,"11":1,"12":98,"13":48,"14":35},"f":{"0":98,"1":2,"2":48,"3":35},"b":{"0":[1,1],"1":[98,1]},"meta":{"lastBranch":2,"lastFunction":4,"lastStatement":15,"seen":{"f:6:24:6:32":0,"s:7:24:7:Infinity":0,"s:8:30:8:Infinity":1,"s:9:24:9:Infinity":2,"s:10:16:10:Infinity":3,"s:11:8:11:Infinity":4,"s:13:23:23:Infinity":5,"f:13:23:13:30":1,"s:14:4:14:Infinity":6,"s:15:4:15:Infinity":7,"s:17:20:17:Infinity":8,"b:18:4:22:Infinity:20:11:22:Infinity":0,"s:18:4:22:Infinity":9,"s:19:6:19:Infinity":10,"s:21:6:21:Infinity":11,"s:25:2:61:Infinity":12,"b:30:11:30:20:30:20:30:Infinity":1,"f:37:24:37:25":2,"s:37:31:37:Infinity":13,"f:48:24:48:25":3,"s:48:31:48:Infinity":14}}}
,"/Users/lucasvanzyl/SD_FinalProject-1/src/pages/SignUp.css": {"path":"/Users/lucasvanzyl/SD_FinalProject-1/src/pages/SignUp.css","statementMap":{},"fnMap":{},"branchMap":{},"s":{},"f":{},"b":{},"meta":{"lastBranch":0,"lastFunction":0,"lastStatement":0,"seen":{}}}
,"/Users/lucasvanzyl/SD_FinalProject-1/src/pages/SignUp.tsx": {"path":"/Users/lucasvanzyl/SD_FinalProject-1/src/pages/SignUp.tsx","statementMap":{"0":{"start":{"line":7,"column":30},"end":{"line":7,"column":null}},"1":{"start":{"line":8,"column":24},"end":{"line":8,"column":null}},"2":{"start":{"line":9,"column":30},"end":{"line":9,"column":null}},"3":{"start":{"line":10,"column":44},"end":{"line":10,"column":null}},"4":{"start":{"line":11,"column":24},"end":{"line":11,"column":null}},"5":{"start":{"line":12,"column":17},"end":{"line":12,"column":null}},"6":{"start":{"line":13,"column":8},"end":{"line":13,"column":null}},"7":{"start":{"line":15,"column":23},"end":{"line":35,"column":null}},"8":{"start":{"line":16,"column":4},"end":{"line":16,"column":null}},"9":{"start":{"line":17,"column":4},"end":{"line":17,"column":null}},"10":{"start":{"line":19,"column":4},"end":{"line":22,"column":null}},"11":{"start":{"line":20,"column":6},"end":{"line":20,"column":null}},"12":{"start":{"line":21,"column":6},"end":{"line":21,"column":null}},"13":{"start":{"line":24,"column":4},"end":{"line":27,"column":null}},"14":{"start":{"line":25,"column":6},"end":{"line":25,"column":null}},"15":{"start":{"line":26,"column":6},"end":{"line":26,"column":null}},"16":{"start":{"line":29,"column":20},"end":{"line":29,"column":null}},"17":{"start":{"line":30,"column":4},"end":{"line":34,"column":null}},"18":{"start":{"line":31,"column":6},"end":{"line":31,"column":null}},"19":{"start":{"line":33,"column":6},"end":{"line":33,"column":null}},"20":{"start":{"line":37,"column":2},"end":{"line":95,"column":null}},"21":{"start":{"line":49,"column":31},"end":{"line":49,"column":null}},"22":{"start":{"line":60,"column":31},"end":{"line":60,"column":null}},"23":{"start":{"line":71,"column":31},"end":{"line":71,"column":null}},"24":{"start":{"line":82,"column":31},"end":{"line":82,"column":null}}},"fnMap":{"0":{"name":"SignUp","decl":{"start":{"line":6,"column":24},"end":{"line":6,"column":33}},"loc":{"start":{"line":6,"column":33},"end":{"line":97,"column":null}},"line":6},"1":{"name":"(anonymous_1)","decl":{"start":{"line":15,"column":23},"end":{"line":15,"column":30}},"loc":{"start":{"line":15,"column":53},"end":{"line":35,"column":null}},"line":15},"2":{"name":"(anonymous_2)","decl":{"start":{"line":49,"column":24},"end":{"line":49,"column":25}},"loc":{"start":{"line":49,"column":31},"end":{"line":49,"column":null}},"line":49},"3":{"name":"(anonymous_3)","decl":{"start":{"line":60,"column":24},"end":{"line":60,"column":25}},"loc":{"start":{"line":60,"column":31},"end":{"line":60,"column":null}},"line":60},"4":{"name":"(anonymous_4)","decl":{"start":{"line":71,"column":24},"end":{"line":71,"column":25}},"loc":{"start":{"line":71,"column":31},"end":{"line":71,"column":null}},"line":71},"5":{"name":"(anonymous_5)","decl":{"start":{"line":82,"column":24},"end":{"line":82,"column":25}},"loc":{"start":{"line":82,"column":31},"end":{"line":82,"column":null}},"line":82}},"branchMap":{"0":{"loc":{"start":{"line":19,"column":4},"end":{"line":22,"column":null}},"type":"if","locations":[{"start":{"line":19,"column":4},"end":{"line":22,"column":null}},{"start":{},"end":{}}],"line":19},"1":{"loc":{"start":{"line":24,"column":4},"end":{"line":27,"column":null}},"type":"if","locations":[{"start":{"line":24,"column":4},"end":{"line":27,"column":null}},{"start":{},"end":{}}],"line":24},"2":{"loc":{"start":{"line":30,"column":4},"end":{"line":34,"column":null}},"type":"if","locations":[{"start":{"line":30,"column":4},"end":{"line":34,"column":null}},{"start":{"line":32,"column":11},"end":{"line":34,"column":null}}],"line":30},"3":{"loc":{"start":{"line":42,"column":11},"end":{"line":42,"column":null}},"type":"binary-expr","locations":[{"start":{"line":42,"column":11},"end":{"line":42,"column":20}},{"start":{"line":42,"column":20},"end":{"line":42,"column":null}}],"line":42}},"s":{"0":249,"1":249,"2":249,"3":249,"4":249,"5":249,"6":249,"7":249,"8":4,"9":4,"10":4,"11":1,"12":1,"13":3,"14":1,"15":1,"16":2,"17":2,"18":1,"19":1,"20":249,"21":40,"22":84,"23":49,"24":55},"f":{"0":249,"1":4,"2":40,"3":84,"4":49,"5":55},"b":{"0":[1,3],"1":[1,2],"2":[1,1],"3":[249,3]},"meta":{"lastBranch":4,"lastFunction":6,"lastStatement":25,"seen":{"f:6:24:6:33":0,"s:7:30:7:Infinity":0,"s:8:24:8:Infinity":1,"s:9:30:9:Infinity":2,"s:10:44:10:Infinity":3,"s:11:24:11:Infinity":4,"s:12:17:12:Infinity":5,"s:13:8:13:Infinity":6,"s:15:23:35:Infinity":7,"f:15:23:15:30":1,"s:16:4:16:Infinity":8,"s:17:4:17:Infinity":9,"b:19:4:22:Infinity:undefined:undefined:undefined:undefined":0,"s:19:4:22:Infinity":10,"s:20:6:20:Infinity":11,"s:21:6:21:Infinity":12,"b:24:4:27:Infinity:undefined:undefined:undefined:undefined":1,"s:24:4:27:Infinity":13,"s:25:6:25:Infinity":14,"s:26:6:26:Infinity":15,"s:29:20:29:Infinity":16,"b:30:4:34:Infinity:32:11:34:Infinity":2,"s:30:4:34:Infinity":17,"s:31:6:31:Infinity":18,"s:33:6:33:Infinity":19,"s:37:2:95:Infinity":20,"b:42:11:42:20:42:20:42:Infinity":3,"f:49:24:49:25":2,"s:49:31:49:Infinity":21,"f:60:24:60:25":3,"s:60:31:60:Infinity":22,"f:71:24:71:25":4,"s:71:31:71:Infinity":23,"f:82:24:82:25":5,"s:82:31:82:Infinity":24}}}
}
