TN:
SF:src/contexts/AuthContext.tsx
FN:29,AuthProvider
FN:36,(anonymous_1)
FN:38,(anonymous_2)
FN:46,(anonymous_3)
FN:93,(anonymous_4)
FN:97,(anonymous_5)
FN:98,(anonymous_6)
FN:103,(anonymous_7)
FN:106,(anonymous_8)
FN:110,(anonymous_9)
FN:111,(anonymous_10)
FN:114,(anonymous_11)
FN:144,(anonymous_12)
FN:172,(anonymous_13)
FN:177,(anonymous_14)
FN:187,(anonymous_15)
FN:222,(anonymous_16)
FN:228,(anonymous_17)
FN:241,(anonymous_18)
FN:247,(anonymous_19)
FN:247,(anonymous_20)
FN:260,(anonymous_21)
FN:284,useAuth
FNF:23
FNH:8
FNDA:28,AuthProvider
FNDA:16,(anonymous_1)
FNDA:16,(anonymous_2)
FNDA:0,(anonymous_3)
FNDA:16,(anonymous_4)
FNDA:20,(anonymous_5)
FNDA:0,(anonymous_6)
FNDA:0,(anonymous_7)
FNDA:0,(anonymous_8)
FNDA:0,(anonymous_9)
FNDA:0,(anonymous_10)
FNDA:2,(anonymous_11)
FNDA:2,(anonymous_12)
FNDA:0,(anonymous_13)
FNDA:0,(anonymous_14)
FNDA:0,(anonymous_15)
FNDA:0,(anonymous_16)
FNDA:0,(anonymous_17)
FNDA:0,(anonymous_18)
FNDA:0,(anonymous_19)
FNDA:0,(anonymous_20)
FNDA:0,(anonymous_21)
FNDA:347,useAuth
DA:27,2
DA:30,28
DA:31,28
DA:32,28
DA:33,28
DA:36,28
DA:37,16
DA:38,16
DA:40,16
DA:41,16
DA:42,2
DA:43,2
DA:44,2
DA:46,2
DA:47,0
DA:50,0
DA:51,0
DA:56,16
DA:57,16
DA:58,16
DA:59,16
DA:61,0
DA:62,0
DA:65,16
DA:66,16
DA:69,16
DA:70,0
DA:71,0
DA:72,0
DA:74,0
DA:75,0
DA:79,0
DA:82,0
DA:83,0
DA:84,0
DA:87,16
DA:91,16
DA:93,16
DA:97,28
DA:98,20
DA:100,0
DA:103,20
DA:106,28
DA:107,0
DA:110,28
DA:111,0
DA:114,28
DA:115,2
DA:116,2
DA:117,2
DA:118,1
DA:124,1
DA:125,1
DA:128,1
DA:129,1
DA:130,1
DA:132,0
DA:135,1
DA:137,1
DA:139,0
DA:140,0
DA:144,28
DA:145,2
DA:146,2
DA:147,2
DA:148,1
DA:154,1
DA:155,1
DA:158,1
DA:159,1
DA:161,1
DA:163,0
DA:165,0
DA:166,0
DA:168,0
DA:172,28
DA:176,0
DA:177,0
DA:182,0
DA:183,0
DA:184,0
DA:187,28
DA:188,0
DA:190,0
DA:191,0
DA:193,0
DA:194,0
DA:196,0
DA:197,0
DA:203,0
DA:204,0
DA:205,0
DA:207,0
DA:209,0
DA:210,0
DA:211,0
DA:214,0
DA:216,0
DA:217,0
DA:218,0
DA:222,28
DA:223,0
DA:225,0
DA:226,0
DA:227,0
DA:228,0
DA:231,0
DA:234,0
DA:235,0
DA:241,28
DA:242,0
DA:244,0
DA:245,0
DA:246,0
DA:247,0
DA:250,0
DA:253,0
DA:254,0
DA:260,28
DA:261,0
DA:264,28
DA:285,347
DA:286,347
DA:287,0
DA:289,347
LF:125
LH:60
BRDA:41,0,0,2
BRDA:41,0,1,14
BRDA:47,1,0,0
BRDA:47,1,1,0
BRDA:47,2,0,0
BRDA:47,2,1,0
BRDA:58,3,0,0
BRDA:58,3,1,16
BRDA:59,4,0,0
BRDA:59,4,1,16
BRDA:59,5,0,16
BRDA:59,5,1,16
BRDA:59,5,2,0
BRDA:69,6,0,0
BRDA:69,6,1,16
BRDA:69,7,0,16
BRDA:69,7,1,16
BRDA:69,7,2,0
BRDA:72,8,0,0
BRDA:72,8,1,0
BRDA:72,9,0,0
BRDA:72,9,1,0
BRDA:72,10,0,0
BRDA:72,10,1,0
BRDA:82,11,0,0
BRDA:82,11,1,0
BRDA:87,12,0,16
BRDA:87,12,1,0
BRDA:100,13,0,0
BRDA:100,13,1,0
BRDA:100,14,0,0
BRDA:100,14,1,0
BRDA:117,15,0,1
BRDA:117,15,1,1
BRDA:117,16,0,2
BRDA:117,16,1,1
BRDA:122,17,0,1
BRDA:122,17,1,1
BRDA:130,18,0,1
BRDA:130,18,1,0
BRDA:130,19,0,1
BRDA:130,19,1,1
BRDA:130,20,0,1
BRDA:130,20,1,0
BRDA:147,21,0,1
BRDA:147,21,1,1
BRDA:147,22,0,2
BRDA:147,22,1,1
BRDA:152,23,0,1
BRDA:152,23,1,1
BRDA:165,24,0,0
BRDA:165,24,1,0
BRDA:188,25,0,0
BRDA:188,25,1,0
BRDA:196,26,0,0
BRDA:196,26,1,0
BRDA:196,27,0,0
BRDA:196,27,1,0
BRDA:196,27,2,0
BRDA:201,28,0,0
BRDA:201,28,1,0
BRDA:203,29,0,0
BRDA:203,29,1,0
BRDA:223,30,0,0
BRDA:223,30,1,0
BRDA:227,31,0,0
BRDA:227,31,1,0
BRDA:227,32,0,0
BRDA:227,32,1,0
BRDA:242,33,0,0
BRDA:242,33,1,0
BRDA:246,34,0,0
BRDA:246,34,1,0
BRDA:246,35,0,0
BRDA:246,35,1,0
BRDA:261,36,0,0
BRDA:261,36,1,0
BRDA:286,37,0,0
BRDA:286,37,1,347
BRF:79
BRH:27
end_of_record
TN:
SF:src/pages/Login.css
FNF:0
FNH:0
LF:0
LH:0
BRF:0
BRH:0
end_of_record
TN:
SF:src/pages/Login.tsx
FN:6,Login
FN:13,(anonymous_1)
FN:37,(anonymous_2)
FN:48,(anonymous_3)
FNF:4
FNH:4
FNDA:98,Login
FNDA:2,(anonymous_1)
FNDA:48,(anonymous_2)
FNDA:35,(anonymous_3)
DA:7,98
DA:8,98
DA:9,98
DA:10,98
DA:11,98
DA:13,98
DA:14,2
DA:15,2
DA:17,2
DA:18,2
DA:19,1
DA:21,1
DA:25,98
DA:37,48
DA:48,35
LF:15
LH:15
BRDA:18,0,0,1
BRDA:18,0,1,1
BRDA:30,1,0,98
BRDA:30,1,1,1
BRF:4
BRH:4
end_of_record
TN:
SF:src/pages/SignUp.css
FNF:0
FNH:0
LF:0
LH:0
BRF:0
BRH:0
end_of_record
TN:
SF:src/pages/SignUp.tsx
FN:6,SignUp
FN:15,(anonymous_1)
FN:49,(anonymous_2)
FN:60,(anonymous_3)
FN:71,(anonymous_4)
FN:82,(anonymous_5)
FNF:6
FNH:6
FNDA:249,SignUp
FNDA:4,(anonymous_1)
FNDA:40,(anonymous_2)
FNDA:84,(anonymous_3)
FNDA:49,(anonymous_4)
FNDA:55,(anonymous_5)
DA:7,249
DA:8,249
DA:9,249
DA:10,249
DA:11,249
DA:12,249
DA:13,249
DA:15,249
DA:16,4
DA:17,4
DA:19,4
DA:20,1
DA:21,1
DA:24,3
DA:25,1
DA:26,1
DA:29,2
DA:30,2
DA:31,1
DA:33,1
DA:37,249
DA:49,40
DA:60,84
DA:71,49
DA:82,55
LF:25
LH:25
BRDA:19,0,0,1
BRDA:19,0,1,3
BRDA:24,1,0,1
BRDA:24,1,1,2
BRDA:30,2,0,1
BRDA:30,2,1,1
BRDA:42,3,0,249
BRDA:42,3,1,3
BRF:8
BRH:8
end_of_record
